INFO     [2020-11-13 20:52:27,228] Пользователь выбрал желаемое действие
INFO     [2020-11-13 20:52:27,228] Создана строка для хранения результата
INFO     [2020-11-13 20:52:34,853] Создана переменная для хранения введенной строки
INFO     [2020-11-13 20:52:37,558] Создана переменная для хранения ключа
DEBUG    [2020-11-13 20:52:37,558] Изменена буква и добавлена в строку с результатом
DEBUG    [2020-11-13 20:52:37,559] Изменена буква и добавлена в строку с результатом
DEBUG    [2020-11-13 20:52:37,559] Изменена буква и добавлена в строку с результатом
DEBUG    [2020-11-13 20:52:37,559] Изменена буква и добавлена в строку с результатом
DEBUG    [2020-11-13 20:52:37,567] Изменена буква и добавлена в строку с результатом
DEBUG    [2020-11-13 20:52:37,567] Изменена буква и добавлена в строку с результатом
DEBUG    [2020-11-13 20:52:37,567] Изменена буква и добавлена в строку с результатом
DEBUG    [2020-11-13 20:52:37,567] Изменена буква и добавлена в строку с результатом
DEBUG    [2020-11-13 20:52:37,567] Изменена буква и добавлена в строку с результатом
DEBUG    [2020-11-13 20:52:37,567] Изменена буква и добавлена в строку с результатом
DEBUG    [2020-11-13 20:52:37,567] Изменена буква и добавлена в строку с результатом
DEBUG    [2020-11-13 20:52:37,567] Изменена буква и добавлена в строку с результатом
DEBUG    [2020-11-13 20:52:37,567] Изменена буква и добавлена в строку с результатом
INFO     [2020-11-13 20:52:37,568] Результат выведен в консоль
INFO     [2020-11-13 20:53:28,548] Пользователь выбрал желаемое действие
DEBUG    [2020-11-13 20:53:28,548] Пользователь завершил программу
INFO     [2020-11-13 20:56:13,623] Пользователь выбрал желаемое действие
DEBUG    [2020-11-13 20:56:13,623] Пользователь совершил ошибку при вводе данных
INFO     [2020-11-13 20:56:17,857] Пользователь выбрал желаемое действие
INFO     [2020-11-13 20:56:17,857] Создана строка для хранения результата
INFO     [2020-11-13 20:56:31,773] Создана переменная для хранения введенной строки
INFO     [2020-11-13 20:57:32,482] Пользователь выбрал желаемое действие
INFO     [2020-11-13 20:57:32,483] Создана строка для хранения результата
INFO     [2020-11-13 20:57:35,951] Создана переменная для хранения введенной строки
INFO     [2020-11-13 20:57:38,762] Создана переменная для хранения ключа
DEBUG    [2020-11-13 20:57:38,762] Изменена буква и добавлена в строку с результатом
DEBUG    [2020-11-13 20:57:38,763] Изменена буква и добавлена в строку с результатом
DEBUG    [2020-11-13 20:57:38,763] Изменена буква и добавлена в строку с результатом
DEBUG    [2020-11-13 20:57:38,763] Изменена буква и добавлена в строку с результатом
DEBUG    [2020-11-13 20:57:38,763] Изменена буква и добавлена в строку с результатом
DEBUG    [2020-11-13 20:57:38,763] Изменена буква и добавлена в строку с результатом
INFO     [2020-11-13 20:57:38,765] Результат выведен в консоль
INFO     [2020-11-13 20:57:43,720] Пользователь выбрал желаемое действие
INFO     [2020-11-13 20:57:43,720] Создана строка для хранения результата
INFO     [2020-11-13 20:57:47,420] Создана переменная для хранения введенной строки
INFO     [2020-11-13 20:57:50,115] Создана переменная для хранения ключа
DEBUG    [2020-11-13 20:57:50,116] Пользователем выбрана расшифровка, а также изменено значение ключа для расшифровки
DEBUG    [2020-11-13 20:57:50,116] Изменена буква и добавлена в строку с результатом
DEBUG    [2020-11-13 20:57:50,116] Изменена буква и добавлена в строку с результатом
DEBUG    [2020-11-13 20:57:50,116] Изменена буква и добавлена в строку с результатом
DEBUG    [2020-11-13 20:57:50,116] Изменена буква и добавлена в строку с результатом
DEBUG    [2020-11-13 20:57:50,116] Изменена буква и добавлена в строку с результатом
DEBUG    [2020-11-13 20:57:50,116] Изменена буква и добавлена в строку с результатом
DEBUG    [2020-11-13 20:57:50,116] Изменена буква и добавлена в строку с результатом
DEBUG    [2020-11-13 20:57:50,117] Изменена буква и добавлена в строку с результатом
INFO     [2020-11-13 20:57:50,117] Результат выведен в консоль
INFO     [2020-11-13 20:57:55,058] Пользователь выбрал желаемое действие
DEBUG    [2020-11-13 20:57:55,059] Пользователь завершил программу
